This is pdfTeX, Version 3.1415926-2.4-1.40.13 (TeX Live 2012/Debian) (format=pdflatex 2015.9.10)  7 FEB 2016 09:56
entering extended mode
 restricted \write18 enabled.
 %&-line parsing enabled.
**main.tex
(./main.tex
LaTeX2e <2011/06/27>
Babel <v3.8m> and hyphenation patterns for english, dumylang, nohyphenation, et
hiopic, farsi, arabic, pinyin, croatian, bulgarian, ukrainian, russian, slovak,
 czech, danish, dutch, usenglishmax, ukenglish, finnish, french, basque, ngerma
n, german, swissgerman, ngerman-x-2012-05-30, german-x-2012-05-30, monogreek, g
reek, ibycus, ancientgreek, hungarian, bengali, tamil, hindi, telugu, gujarati,
 sanskrit, malayalam, kannada, assamese, marathi, oriya, panjabi, italian, lati
n, latvian, lithuanian, mongolian, mongolianlmc, nynorsk, bokmal, indonesian, e
speranto, coptic, welsh, irish, interlingua, serbian, serbianc, slovenian, friu
lan, romansh, estonian, romanian, armenian, uppersorbian, turkish, afrikaans, i
celandic, kurmanji, polish, portuguese, galician, catalan, spanish, swedish, th
ai, loaded.
(./preambule.tex (/usr/share/texlive/texmf-dist/tex/latex/base/report.cls
Document Class: report 2007/10/19 v1.4h Standard LaTeX document class
(/usr/share/texlive/texmf-dist/tex/latex/base/size12.clo
File: size12.clo 2007/10/19 v1.4h Standard LaTeX file (size option)
)
\c@part=\count79
\c@chapter=\count80
\c@section=\count81
\c@subsection=\count82
\c@subsubsection=\count83
\c@paragraph=\count84
\c@subparagraph=\count85
\c@figure=\count86
\c@table=\count87
\abovecaptionskip=\skip41
\belowcaptionskip=\skip42
\bibindent=\dimen102
)
(/usr/share/texlive/texmf-dist/tex/latex/base/doc.sty
Package: doc 2010/02/04 v2.1e Standard LaTeX documentation package (FMi)
\c@StandardModuleDepth=\count88
\guard@level=\count89
\MacrocodeTopsep=\skip43
\MacroIndent=\dimen103
\macro@cnt=\count90
\MacroTopsep=\skip44
\index@excludelist=\toks14

(/usr/share/texlive/texmf-dist/tex/latex/tools/multicol.sty
Package: multicol 2011/06/27 v1.7a multicolumn formatting (FMi)
\c@tracingmulticols=\count91
\mult@box=\box26
\multicol@leftmargin=\dimen104
\c@unbalance=\count92
\c@collectmore=\count93
\doublecol@number=\count94
\multicoltolerance=\count95
\multicolpretolerance=\count96
\full@width=\dimen105
\page@free=\dimen106
\premulticols=\dimen107
\postmulticols=\dimen108
\multicolsep=\skip45
\multicolbaselineskip=\skip46
\partial@page=\box27
\last@line=\box28
\mult@rightbox=\box29
\mult@grightbox=\box30
\mult@gfirstbox=\box31
\mult@firstbox=\box32
\@tempa=\box33
\@tempa=\box34
\@tempa=\box35
\@tempa=\box36
\@tempa=\box37
\@tempa=\box38
\@tempa=\box39
\@tempa=\box40
\@tempa=\box41
\@tempa=\box42
\@tempa=\box43
\@tempa=\box44
\@tempa=\box45
\@tempa=\box46
\@tempa=\box47
\@tempa=\box48
\@tempa=\box49
\c@columnbadness=\count97
\c@finalcolumnbadness=\count98
\last@try=\dimen109
\multicolovershoot=\dimen110
\multicolundershoot=\dimen111
\mult@nat@firstbox=\box50
\colbreak@box=\box51
\multicol@sort@counter=\count99
)
\IndexMin=\dimen112
\c@IndexColumns=\count100
\GlossaryMin=\dimen113
\c@GlossaryColumns=\count101
\check@sum=\count102
\bslash@cnt=\count103
\wrong@table=\toks15
\c@CodelineNo=\count104
)
(/usr/share/texlive/texmf-dist/tex/latex/base/exscale.sty
Package: exscale 2007/10/29 v2.1h Standard LaTeX package exscale
LaTeX Font Info:    Redeclaring symbol font `largesymbols' on input line 52.
LaTeX Font Info:    Overwriting symbol font `largesymbols' in version `normal'
(Font)                  OMX/cmex/m/n --> OMX/cmex/m/n on input line 52.
LaTeX Font Info:    Overwriting symbol font `largesymbols' in version `bold'
(Font)                  OMX/cmex/m/n --> OMX/cmex/m/n on input line 52.
\big@size=\dimen114
)
(/usr/share/texlive/texmf-dist/tex/latex/base/fontenc.sty
Package: fontenc 2005/09/27 v1.99g Standard LaTeX package
)
(/usr/share/texlive/texmf-dist/tex/latex/base/ifthen.sty
Package: ifthen 2001/05/26 v1.1c Standard LaTeX ifthen package (DPC)
)
(/usr/share/texlive/texmf-dist/tex/latex/base/latexsym.sty
Package: latexsym 1998/08/17 v2.2e Standard LaTeX package (lasy symbols)
\symlasy=\mathgroup4
LaTeX Font Info:    Overwriting symbol font `lasy' in version `bold'
(Font)                  U/lasy/m/n --> U/lasy/b/n on input line 47.
)
(/usr/share/texlive/texmf-dist/tex/latex/base/makeidx.sty
Package: makeidx 2000/03/29 v1.0m Standard LaTeX package
)
(/usr/share/texlive/texmf-dist/tex/latex/base/syntonly.sty
Package: syntonly 1999/09/17 v2.1e Standard LaTeX2e package
)
(/usr/share/texlive/texmf-dist/tex/latex/base/fontenc.sty
Package: fontenc 2005/09/27 v1.99g Standard LaTeX package

(/usr/share/texlive/texmf-dist/tex/latex/base/t1enc.def
File: t1enc.def 2005/09/27 v1.99g Standard LaTeX file
LaTeX Font Info:    Redeclaring font encoding T1 on input line 43.
))
(/usr/share/texlive/texmf-dist/tex/latex/base/inputenc.sty
Package: inputenc 2008/03/30 v1.1d Input encoding file
\inpenc@prehook=\toks16
\inpenc@posthook=\toks17

(/usr/share/texlive/texmf-dist/tex/latex/ucs/utf8x.def
File: utf8x.def 2004/10/17 UCS: Input encoding UTF-8
))
(/usr/share/texlive/texmf-dist/tex/latex/ucs/ucs.sty
Package: ucs 2004/10/17 UCS: Unicode input support

(/usr/share/texlive/texmf-dist/tex/latex/ucs/data/uni-global.def
File: uni-global.def 2012/04/20 UCS: Unicode global data
)
\uc@secondtry=\count105
\uc@combtoks=\toks18
\uc@combtoksb=\toks19
\uc@temptokena=\toks20
)
(/var/lib/texmf/tex/generic/babel/babel.sty
Package: babel 2008/07/08 v3.8m The Babel package

(/usr/share/texlive/texmf-dist/tex/generic/babel/english.ldf
Language: english 2005/03/30 v3.3o English support from the babel system

(/usr/share/texlive/texmf-dist/tex/generic/babel/babel.def
File: babel.def 2008/07/08 v3.8m Babel common definitions
\babel@savecnt=\count106
\U@D=\dimen115
)
\l@canadian = a dialect from \language\l@american 
\l@australian = a dialect from \language\l@british 
\l@newzealand = a dialect from \language\l@british 
)
(/usr/share/texlive/texmf-dist/tex/generic/babel/frenchb.ldf
Language: frenchb 2010/08/21 v2.5a French support from the babel system
Package babel Info: Making : an active character on input line 234.
Package babel Info: Making ; an active character on input line 235.
Package babel Info: Making ! an active character on input line 236.
Package babel Info: Making ? an active character on input line 237.
\FB@Mht=\dimen116
\std@mcc=\count107
\dec@mcc=\count108
\parindentFFN=\dimen117

*************************************
* Local config file frenchb.cfg used
*
(/usr/share/texlive/texmf-dist/tex/generic/babel/frenchb.cfg)))
(/usr/share/texlive/texmf-dist/tex/latex/carlisle/scalefnt.sty)
(/usr/share/texlive/texmf-dist/tex/latex/graphics/keyval.sty
Package: keyval 1999/03/16 v1.13 key=value parser (DPC)
\KV@toks@=\toks21
)
(/usr/share/texlive/texmf-dist/tex/latex/tools/xspace.sty
Package: xspace 2009/10/20 v1.13 Space after command names (DPC,MH)
)
(/usr/share/texlive/texmf-dist/tex/latex/xargs/xargs.sty
Package: xargs 2008/03/22 v1.1  extended macro definitions  (mpg)

(/usr/share/texlive/texmf-dist/tex/latex/xkeyval/xkeyval.sty
Package: xkeyval 2008/08/13 v2.6a package option processing (HA)

(/usr/share/texlive/texmf-dist/tex/generic/xkeyval/xkeyval.tex
\XKV@toks=\toks22
\XKV@tempa@toks=\toks23
\XKV@depth=\count109
File: xkeyval.tex 2008/08/13 v2.6a key=value parser (HA)
))
\xargs@max=\count110
\xargs@toksa=\toks24
\xargs@toksb=\toks25
)
(/usr/share/texlive/texmf-dist/tex/latex/tools/trace.sty
Package: trace 2003/04/30 v1.1c trace LaTeX code
)
(/usr/share/texlive/texmf-dist/tex/latex/show2e/show2e.sty
Package: show2e 2008/03/13 v1.0  \show variants for latex2e  (mpg)
)
(/usr/share/texlive/texmf-dist/tex/latex/graphics/graphicx.sty
Package: graphicx 1999/02/16 v1.0f Enhanced LaTeX Graphics (DPC,SPQR)

(/usr/share/texlive/texmf-dist/tex/latex/graphics/graphics.sty
Package: graphics 2009/02/05 v1.0o Standard LaTeX Graphics (DPC,SPQR)

(/usr/share/texlive/texmf-dist/tex/latex/graphics/trig.sty
Package: trig 1999/03/16 v1.09 sin cos tan (DPC)
)
(/usr/share/texlive/texmf-dist/tex/latex/latexconfig/graphics.cfg
File: graphics.cfg 2010/04/23 v1.9 graphics configuration of TeX Live
)
Package graphics Info: Driver file: pdftex.def on input line 91.

(/usr/share/texlive/texmf-dist/tex/latex/pdftex-def/pdftex.def
File: pdftex.def 2011/05/27 v0.06d Graphics/color for pdfTeX

(/usr/share/texlive/texmf-dist/tex/generic/oberdiek/infwarerr.sty
Package: infwarerr 2010/04/08 v1.3 Providing info/warning/error messages (HO)
)
(/usr/share/texlive/texmf-dist/tex/generic/oberdiek/ltxcmds.sty
Package: ltxcmds 2011/11/09 v1.22 LaTeX kernel commands for general use (HO)
)
\Gread@gobject=\count111
))
\Gin@req@height=\dimen118
\Gin@req@width=\dimen119
)
(/usr/share/texlive/texmf-dist/tex/latex/hyperref/hyperref.sty
Package: hyperref 2012/05/13 v6.82q Hypertext links for LaTeX

(/usr/share/texlive/texmf-dist/tex/generic/oberdiek/hobsub-hyperref.sty
Package: hobsub-hyperref 2012/05/28 v1.13 Bundle oberdiek, subset hyperref (HO)


(/usr/share/texlive/texmf-dist/tex/generic/oberdiek/hobsub-generic.sty
Package: hobsub-generic 2012/05/28 v1.13 Bundle oberdiek, subset generic (HO)
Package: hobsub 2012/05/28 v1.13 Construct package bundles (HO)
Package hobsub Info: Skipping package `infwarerr' (already loaded).
Package hobsub Info: Skipping package `ltxcmds' (already loaded).
Package: ifluatex 2010/03/01 v1.3 Provides the ifluatex switch (HO)
Package ifluatex Info: LuaTeX not detected.
Package: ifvtex 2010/03/01 v1.5 Detect VTeX and its facilities (HO)
Package ifvtex Info: VTeX not detected.
Package: intcalc 2007/09/27 v1.1 Expandable calculations with integers (HO)
Package: ifpdf 2011/01/30 v2.3 Provides the ifpdf switch (HO)
Package ifpdf Info: pdfTeX in PDF mode is detected.
Package: etexcmds 2011/02/16 v1.5 Avoid name clashes with e-TeX commands (HO)
Package etexcmds Info: Could not find \expanded.
(etexcmds)             That can mean that you are not using pdfTeX 1.50 or
(etexcmds)             that some package has redefined \expanded.
(etexcmds)             In the latter case, load this package earlier.
Package: kvsetkeys 2012/04/25 v1.16 Key value parser (HO)
Package: kvdefinekeys 2011/04/07 v1.3 Define keys (HO)
Package: pdftexcmds 2011/11/29 v0.20 Utility functions of pdfTeX for LuaTeX (HO
)
Package pdftexcmds Info: LuaTeX not detected.
Package pdftexcmds Info: \pdf@primitive is available.
Package pdftexcmds Info: \pdf@ifprimitive is available.
Package pdftexcmds Info: \pdfdraftmode found.
Package: pdfescape 2011/11/25 v1.13 Implements pdfTeX's escape features (HO)
Package: bigintcalc 2012/04/08 v1.3 Expandable calculations on big integers (HO
)
Package: bitset 2011/01/30 v1.1 Handle bit-vector datatype (HO)
Package: uniquecounter 2011/01/30 v1.2 Provide unlimited unique counter (HO)
)
Package hobsub Info: Skipping package `hobsub' (already loaded).
Package: letltxmacro 2010/09/02 v1.4 Let assignment for LaTeX macros (HO)
Package: hopatch 2012/05/28 v1.2 Wrapper for package hooks (HO)
Package: xcolor-patch 2011/01/30 xcolor patch
Package: atveryend 2011/06/30 v1.8 Hooks at the very end of document (HO)
Package atveryend Info: \enddocument detected (standard20110627).
Package: atbegshi 2011/10/05 v1.16 At begin shipout hook (HO)
Package: refcount 2011/10/16 v3.4 Data extraction from label references (HO)
Package: hycolor 2011/01/30 v1.7 Color options for hyperref/bookmark (HO)
)
(/usr/share/texlive/texmf-dist/tex/generic/ifxetex/ifxetex.sty
Package: ifxetex 2010/09/12 v0.6 Provides ifxetex conditional
)
(/usr/share/texlive/texmf-dist/tex/latex/oberdiek/kvoptions.sty
Package: kvoptions 2011/06/30 v3.11 Key value format for package options (HO)
)
\@linkdim=\dimen120
\Hy@linkcounter=\count112
\Hy@pagecounter=\count113

(/usr/share/texlive/texmf-dist/tex/latex/hyperref/pd1enc.def
File: pd1enc.def 2012/05/13 v6.82q Hyperref: PDFDocEncoding definition (HO)
)
\Hy@SavedSpaceFactor=\count114

(/usr/share/texlive/texmf-dist/tex/latex/latexconfig/hyperref.cfg
File: hyperref.cfg 2002/06/06 v1.2 hyperref configuration of TeXLive
)
Package hyperref Info: Hyper figures OFF on input line 4062.
Package hyperref Info: Link nesting OFF on input line 4067.
Package hyperref Info: Hyper index ON on input line 4070.
Package hyperref Info: Plain pages OFF on input line 4077.
Package hyperref Info: Backreferencing OFF on input line 4082.
Package hyperref Info: Implicit mode ON; LaTeX internals redefined.
Package hyperref Info: Bookmarks ON on input line 4300.
\c@Hy@tempcnt=\count115

(/usr/share/texlive/texmf-dist/tex/latex/url/url.sty
\Urlmuskip=\muskip10
Package: url 2006/04/12  ver 3.3  Verb mode for urls, etc.
)
LaTeX Info: Redefining \url on input line 4653.
\Fld@menulength=\count116
\Field@Width=\dimen121
\Fld@charsize=\dimen122
Package hyperref Info: Hyper figures OFF on input line 5773.
Package hyperref Info: Link nesting OFF on input line 5778.
Package hyperref Info: Hyper index ON on input line 5781.
Package hyperref Info: backreferencing OFF on input line 5788.
Package hyperref Info: Link coloring OFF on input line 5793.
Package hyperref Info: Link coloring with OCG OFF on input line 5798.
Package hyperref Info: PDF/A mode OFF on input line 5803.
LaTeX Info: Redefining \ref on input line 5843.
LaTeX Info: Redefining \pageref on input line 5847.
\Hy@abspage=\count117
\c@Item=\count118
\c@Hfootnote=\count119
)

Package hyperref Message: Driver (autodetected): hpdftex.

(/usr/share/texlive/texmf-dist/tex/latex/hyperref/hpdftex.def
File: hpdftex.def 2012/05/13 v6.82q Hyperref driver for pdfTeX
\Fld@listcount=\count120
\c@bookmark@seq@number=\count121

(/usr/share/texlive/texmf-dist/tex/latex/oberdiek/rerunfilecheck.sty
Package: rerunfilecheck 2011/04/15 v1.7 Rerun checks for auxiliary files (HO)
Package uniquecounter Info: New unique counter `rerunfilecheck' on input line 2
82.
)
\Hy@SectionHShift=\skip47
)
\nomepigraphe=\box52
)
(./main.aux)
\openout1 = `main.aux'.

LaTeX Font Info:    Checking defaults for OML/cmm/m/it on input line 19.
LaTeX Font Info:    ... okay on input line 19.
LaTeX Font Info:    Checking defaults for T1/cmr/m/n on input line 19.
LaTeX Font Info:    ... okay on input line 19.
LaTeX Font Info:    Checking defaults for OT1/cmr/m/n on input line 19.
LaTeX Font Info:    ... okay on input line 19.
LaTeX Font Info:    Checking defaults for OMS/cmsy/m/n on input line 19.
LaTeX Font Info:    ... okay on input line 19.
LaTeX Font Info:    Checking defaults for OMX/cmex/m/n on input line 19.
LaTeX Font Info:    ... okay on input line 19.
LaTeX Font Info:    Checking defaults for U/cmr/m/n on input line 19.
LaTeX Font Info:    ... okay on input line 19.
LaTeX Font Info:    Checking defaults for PD1/pdf/m/n on input line 19.
LaTeX Font Info:    ... okay on input line 19.
 (/usr/share/texlive/texmf-dist/tex/latex/ucs/ucsencs.def
File: ucsencs.def 2011/01/21 Fixes to fontencodings LGR, T3
)
LaTeX Info: Redefining \degres on input line 19.
LaTeX Info: Redefining \dots on input line 19.
LaTeX Info: Redefining \up on input line 19.

(/usr/share/texlive/texmf-dist/tex/context/base/supp-pdf.mkii
[Loading MPS to PDF converter (version 2006.09.02).]
\scratchcounter=\count122
\scratchdimen=\dimen123
\scratchbox=\box53
\nofMPsegments=\count123
\nofMParguments=\count124
\everyMPshowfont=\toks26
\MPscratchCnt=\count125
\MPscratchDim=\dimen124
\MPnumerator=\count126
\makeMPintoPDFobject=\count127
\everyMPtoPDFconversion=\toks27
) (/usr/share/texlive/texmf-dist/tex/latex/oberdiek/epstopdf-base.sty
Package: epstopdf-base 2010/02/09 v2.5 Base part for package epstopdf

(/usr/share/texlive/texmf-dist/tex/latex/oberdiek/grfext.sty
Package: grfext 2010/08/19 v1.1 Manage graphics extensions (HO)
)
Package grfext Info: Graphics extension search list:
(grfext)             [.png,.pdf,.jpg,.mps,.jpeg,.jbig2,.jb2,.PNG,.PDF,.JPG,.JPE
G,.JBIG2,.JB2,.eps]
(grfext)             \AppendGraphicsExtensions on input line 452.

(/usr/share/texlive/texmf-dist/tex/latex/latexconfig/epstopdf-sys.cfg
File: epstopdf-sys.cfg 2010/07/13 v1.3 Configuration of (r)epstopdf for TeX Liv
e
))
\AtBeginShipoutBox=\box54
Package hyperref Info: Link coloring OFF on input line 19.

(/usr/share/texlive/texmf-dist/tex/latex/hyperref/nameref.sty
Package: nameref 2010/04/30 v2.40 Cross-referencing by name of section

(/usr/share/texlive/texmf-dist/tex/generic/oberdiek/gettitlestring.sty
Package: gettitlestring 2010/12/03 v1.4 Cleanup title references (HO)
)
\c@section@level=\count128
)
LaTeX Info: Redefining \ref on input line 19.
LaTeX Info: Redefining \pageref on input line 19.
LaTeX Info: Redefining \nameref on input line 19.

(./main.out) (./main.out)
\@outlinefile=\write3
\openout3 = `main.out'.

LaTeX Font Info:    Try loading font information for T1+cmss on input line 23.

(/usr/share/texlive/texmf-dist/tex/latex/base/t1cmss.fd
File: t1cmss.fd 1999/05/25 v2.5h Standard LaTeX font definitions
)
<Images/png/insa_logo.png, id=48, 475.7775pt x 107.4414pt>
File: Images/png/insa_logo.png Graphic file (type png)

<use Images/png/insa_logo.png>
Package pdftex.def Info: Images/png/insa_logo.png used on input line 28.
(pdftex.def)             Requested size: 237.88815pt x 53.72057pt.


LaTeX Font Warning: Font shape `T1/cmss/m/sc' in size <12> not available
(Font)              Font shape `T1/cmr/m/sc' tried instead on input line 30.


LaTeX Font Warning: Font shape `T1/cmss/m/sc' in size <20.74> not available
(Font)              Font shape `T1/cmr/m/sc' tried instead on input line 30.

(/usr/share/texlive/texmf-dist/tex/latex/ucs/data/uni-0.def
File: uni-0.def 2012/04/20 UCS: Unicode data U+0000..U+00FF
)

LaTeX Font Warning: Font shape `T1/cmss/m/sc' in size <17.28> not available
(Font)              Font shape `T1/cmr/m/sc' tried instead on input line 32.


LaTeX Font Warning: Font shape `T1/cmss/m/sc' in size <11.23189> not available
(Font)              Font shape `T1/cmr/m/sc' tried instead on input line 32.

<Images/jpg/domotic.jpg, id=50, 381.425pt x 314.17375pt>
File: Images/jpg/domotic.jpg Graphic file (type jpg)

<use Images/jpg/domotic.jpg>
Package pdftex.def Info: Images/jpg/domotic.jpg used on input line 41.
(pdftex.def)             Requested size: 190.71202pt x 157.08649pt.
LaTeX Font Info:    External font `cmex7' loaded for size
(Font)              <6> on input line 50.
LaTeX Font Info:    Try loading font information for U+lasy on input line 50.

(/usr/share/texlive/texmf-dist/tex/latex/base/ulasy.fd
File: ulasy.fd 1998/08/17 v2.2e LaTeX symbol font definitions
) [1

{/var/lib/texmf/fonts/map/pdftex/updmap/pdftex.map} <./Images/png/insa_logo.png
> <./Images/jpg/domotic.jpg>] (/usr/share/texlive/texmf-dist/tex/latex/ucs/data
/uni-32.def
File: uni-32.def 2012/04/20 UCS: Unicode data U+2000..U+20FF
)
Underfull \hbox (badness 10000) in paragraph at lines 75--76

 []

pdfTeX warning (ext4): destination with the same identifier (name{page.1}) has 
been already used, duplicate ignored
<to be read again> 
                   \relax 
l.78 \clearpage
                [1] [2

] (./main.toc)
\tf@toc=\write4
\openout4 = `main.toc'.

 [3

]
Chapitre 1.
[4


] [5]
Chapitre 2.

Underfull \hbox (badness 10000) in paragraph at lines 155--156

 []

[6

]
Underfull \hbox (badness 10000) in paragraph at lines 172--173

 []

[7] <./Images/png/Zwave.png, id=115, 245.718pt x 207.77625pt>
File: ./Images/png/Zwave.png Graphic file (type png)

<use ./Images/png/Zwave.png>
Package pdftex.def Info: ./Images/png/Zwave.png used on input line 187.
(pdftex.def)             Requested size: 122.85869pt x 103.88786pt.

Underfull \hbox (badness 10000) in paragraph at lines 187--188

 []


Underfull \hbox (badness 10000) in paragraph at lines 194--195

 []


Package frenchb.ldf Warning: Degrees would look better in TS1-encoding: 
(frenchb.ldf)                add \usepackage{textcomp} to the preamble. 
(frenchb.ldf)                Degrees used on input line 200.

<./Images/png/smoke.png, id=116, 543.02875pt x 438.63875pt>
File: ./Images/png/smoke.png Graphic file (type png)

<use ./Images/png/smoke.png>
Package pdftex.def Info: ./Images/png/smoke.png used on input line 202.
(pdftex.def)             Requested size: 271.5137pt x 219.31883pt.

Underfull \hbox (badness 10000) in paragraph at lines 202--203

 []

[8 <./Images/png/Zwave.png>]
<./Images/png/Fibaro.png, id=123, 281.05pt x 281.05pt>
File: ./Images/png/Fibaro.png Graphic file (type png)

<use ./Images/png/Fibaro.png>
Package pdftex.def Info: ./Images/png/Fibaro.png used on input line 209.
(pdftex.def)             Requested size: 140.52464pt x 140.52464pt.
 [9 <./Images/png/smoke.png (PNG copy)> <./Images/png/Fibaro.png>] [10] [11]
Chapitre 3.

Package hyperref Warning: Difference (2) between bookmark levels is greater 
(hyperref)                than one, level fixed on input line 260.


Overfull \hbox (49.50108pt too wide) in paragraph at lines 266--266
[]\T1/cmr/bx/n/14.4 Arrivée tar-dive du ma-té-riel (An-tenne Z-Wave+Capteurs) 
 []

[12

] [13]
Chapitre 4.

Underfull \hbox (badness 10000) in paragraph at lines 272--273

 []


Underfull \hbox (badness 10000) in paragraph at lines 274--275

 []


Underfull \hbox (badness 10000) in paragraph at lines 276--277

 []

[14

]
LaTeX Font Info:    Try loading font information for T1+cmtt on input line 314.

 (/usr/share/texlive/texmf-dist/tex/latex/base/t1cmtt.fd
File: t1cmtt.fd 1999/05/25 v2.5h Standard LaTeX font definitions
)
<./Images/png/menu_zwaveme.png, id=152, 1154.51324pt x 585.387pt>
File: ./Images/png/menu_zwaveme.png Graphic file (type png)

<use ./Images/png/menu_zwaveme.png>
Package pdftex.def Info: ./Images/png/menu_zwaveme.png used on input line 324.
(pdftex.def)             Requested size: 577.25522pt x 292.69278pt.

<./Images/png/devices_zwaveme.png, id=153, 1152.10425pt x 585.387pt>
File: ./Images/png/devices_zwaveme.png Graphic file (type png)

<use ./Images/png/devices_zwaveme.png>
Package pdftex.def Info: ./Images/png/devices_zwaveme.png used on input line 32
6.
(pdftex.def)             Requested size: 576.05072pt x 292.69278pt.

<./Images/png/add_zwaveme.png, id=154, 1155.71774pt x 585.387pt>
File: ./Images/png/add_zwaveme.png Graphic file (type png)

<use ./Images/png/add_zwaveme.png>
Package pdftex.def Info: ./Images/png/add_zwaveme.png used on input line 328.
(pdftex.def)             Requested size: 577.85747pt x 292.69278pt.

<./Images/png/add2_zwaveme.png, id=155, 1153.911pt x 584.1825pt>
File: ./Images/png/add2_zwaveme.png Graphic file (type png)

<use ./Images/png/add2_zwaveme.png>
Package pdftex.def Info: ./Images/png/add2_zwaveme.png used on input line 330.
(pdftex.def)             Requested size: 576.95409pt x 292.09053pt.

<./Images/png/add3_zwaveme.png, id=156, 1154.51324pt x 584.1825pt>
File: ./Images/png/add3_zwaveme.png Graphic file (type png)

<use ./Images/png/add3_zwaveme.png>
Package pdftex.def Info: ./Images/png/add3_zwaveme.png used on input line 332.
(pdftex.def)             Requested size: 577.25522pt x 292.09053pt.

Overfull \hbox (407.15297pt too wide) in paragraph at lines 323--333
\T1/cmr/m/n/12 ra-mètre en haut à droite, et choi-sir De-vices. [] 
 []


Overfull \hbox (423.72191pt too wide) in paragraph at lines 323--333
\T1/cmr/m/n/12 --> Ap-puyer dans la par-tie ZWave sur Add new [] 
 []


Overfull \hbox (281.18195pt too wide) in paragraph at lines 323--333
\T1/cmr/m/n/12 de chaque cap-teur [] 
 []


Overfull \hbox (267.84406pt too wide) in paragraph at lines 323--333
\T1/cmr/m/n/12 --> Lais-ser faire [] 
 []


Overfull \hbox (368.06111pt too wide) in paragraph at lines 323--333
\T1/cmr/m/n/12 --> L'élé-ment est ajouté avec suc-cès [] 
 []


Underfull \hbox (badness 10000) in paragraph at lines 323--333

 []

[15 <./Images/png/menu_zwaveme.png>] [16 <./Images/png/devices_zwaveme.png>]
[17 <./Images/png/add_zwaveme.png> <./Images/png/add2_zwaveme.png>]
<./Images/png/add4_zwaveme.png, id=172, 1145.4795pt x 585.98924pt>
File: ./Images/png/add4_zwaveme.png Graphic file (type png)

<use ./Images/png/add4_zwaveme.png>
Package pdftex.def Info: ./Images/png/add4_zwaveme.png used on input line 334.
(pdftex.def)             Requested size: 572.73836pt x 292.9939pt.

Overfull \hbox (200.36317pt too wide) in paragraph at lines 334--335
[][] 
 []


Underfull \hbox (badness 10000) in paragraph at lines 334--335

 []

[18 <./Images/png/add3_zwaveme.png>]
<./Images/png/ecranCapteur.png, id=178, 1153.911pt x 587.796pt>
File: ./Images/png/ecranCapteur.png Graphic file (type png)

<use ./Images/png/ecranCapteur.png>
Package pdftex.def Info: ./Images/png/ecranCapteur.png used on input line 339.
(pdftex.def)             Requested size: 576.95409pt x 293.89728pt.

Overfull \hbox (204.5789pt too wide) in paragraph at lines 339--340
[][] 
 []


Underfull \hbox (badness 10000) in paragraph at lines 339--340

 []

[19 <./Images/png/add4_zwaveme.png>]
<./Images/png/device_zwaveme.png, id=183, 1147.28625pt x 584.78474pt>
File: ./Images/png/device_zwaveme.png Graphic file (type png)

<use ./Images/png/device_zwaveme.png>
Package pdftex.def Info: ./Images/png/device_zwaveme.png used on input line 341
.
(pdftex.def)             Requested size: 573.64172pt x 292.39165pt.

Overfull \hbox (201.26654pt too wide) in paragraph at lines 341--342
[][] 
 []


Underfull \hbox (badness 10000) in paragraph at lines 341--342

 []

[20 <./Images/png/ecranCapteur.png>]
<./Images/png/home_zwaveme.png, id=188, 1155.71774pt x 588.39825pt>
File: ./Images/png/home_zwaveme.png Graphic file (type png)

<use ./Images/png/home_zwaveme.png>
Package pdftex.def Info: ./Images/png/home_zwaveme.png used on input line 348.
(pdftex.def)             Requested size: 577.85747pt x 294.19841pt.

Overfull \hbox (298.64156pt too wide) in paragraph at lines 347--349
[]\T1/cmr/m/n/12 --> Le mode home [] 
 []


Underfull \hbox (badness 10000) in paragraph at lines 347--349

 []

[21 <./Images/png/device_zwaveme.png>]
<./Images/png/go_to_zwaveme.png, id=193, 1156.32pt x 625.1355pt>
File: ./Images/png/go_to_zwaveme.png Graphic file (type png)

<use ./Images/png/go_to_zwaveme.png>
Package pdftex.def Info: ./Images/png/go_to_zwaveme.png used on input line 352.

(pdftex.def)             Requested size: 578.15858pt x 312.56697pt.

Overfull \hbox (205.7834pt too wide) in paragraph at lines 352--353
[][] 
 []


Underfull \hbox (badness 10000) in paragraph at lines 352--353

 []

[22 <./Images/png/home_zwaveme.png>]
<./Images/png/expert_zwaveme.png, id=198, 1144.275pt x 585.98924pt>
File: ./Images/png/expert_zwaveme.png Graphic file (type png)

<use ./Images/png/expert_zwaveme.png>
Package pdftex.def Info: ./Images/png/expert_zwaveme.png used on input line 356
.
(pdftex.def)             Requested size: 572.1361pt x 292.9939pt.

Overfull \hbox (199.76091pt too wide) in paragraph at lines 356--357
[][] 
 []


Underfull \hbox (badness 10000) in paragraph at lines 356--357

 []

[23 <./Images/png/go_to_zwaveme.png>]
<./Images/png/manage_zwaveme.png, id=203, 1153.911pt x 586.5915pt>
File: ./Images/png/manage_zwaveme.png Graphic file (type png)

<use ./Images/png/manage_zwaveme.png>
Package pdftex.def Info: ./Images/png/manage_zwaveme.png used on input line 360
.
(pdftex.def)             Requested size: 576.95409pt x 293.29503pt.

Overfull \hbox (204.5789pt too wide) in paragraph at lines 360--361
[][] 
 []


Underfull \hbox (badness 10000) in paragraph at lines 360--361

 []

[24 <./Images/png/expert_zwaveme.png>]
<./Images/png/delete_zwaveme.png, id=209, 1154.51324pt x 584.78474pt>
File: ./Images/png/delete_zwaveme.png Graphic file (type png)

<use ./Images/png/delete_zwaveme.png>
Package pdftex.def Info: ./Images/png/delete_zwaveme.png used on input line 368
.
(pdftex.def)             Requested size: 577.25522pt x 292.39165pt.

Overfull \hbox (204.88004pt too wide) in paragraph at lines 368--369
[][] 
 []


Underfull \hbox (badness 10000) in paragraph at lines 368--369

 []

[25 <./Images/png/manage_zwaveme.png>]
<./Images/png/exclusion_zwaveme.png, id=214, 1153.911pt x 584.78474pt>
File: ./Images/png/exclusion_zwaveme.png Graphic file (type png)

<use ./Images/png/exclusion_zwaveme.png>
Package pdftex.def Info: ./Images/png/exclusion_zwaveme.png used on input line 
370.
(pdftex.def)             Requested size: 576.95409pt x 292.39165pt.

Overfull \hbox (204.5789pt too wide) in paragraph at lines 370--371
[][] 
 []


Underfull \hbox (badness 10000) in paragraph at lines 370--371

 []

[26 <./Images/png/delete_zwaveme.png>]
<./Images/png/devices_exclu_zwaveme.png, id=219, 1155.71774pt x 585.98924pt>
File: ./Images/png/devices_exclu_zwaveme.png Graphic file (type png)

<use ./Images/png/devices_exclu_zwaveme.png>
Package pdftex.def Info: ./Images/png/devices_exclu_zwaveme.png used on input l
ine 375.
(pdftex.def)             Requested size: 577.85747pt x 292.9939pt.

Overfull \hbox (205.48228pt too wide) in paragraph at lines 375--376
[][] 
 []


Underfull \hbox (badness 10000) in paragraph at lines 375--376

 []

[27 <./Images/png/exclusion_zwaveme.png>]
<./Images/png/app_zwaveme.png, id=224, 1156.32pt x 585.387pt>
File: ./Images/png/app_zwaveme.png Graphic file (type png)

<use ./Images/png/app_zwaveme.png>
Package pdftex.def Info: ./Images/png/app_zwaveme.png used on input line 380.
(pdftex.def)             Requested size: 578.15858pt x 292.69278pt.

Overfull \hbox (205.7834pt too wide) in paragraph at lines 380--381
[][] 
 []


Underfull \hbox (badness 10000) in paragraph at lines 380--381

 []

[28 <./Images/png/devices_exclu_zwaveme.png>]
<./Images/png/device_Status.png, id=229, 1154.51324pt x 585.98924pt>
File: ./Images/png/device_Status.png Graphic file (type png)

<use ./Images/png/device_Status.png>
Package pdftex.def Info: ./Images/png/device_Status.png used on input line 384.

(pdftex.def)             Requested size: 577.25522pt x 292.9939pt.

Overfull \hbox (204.88004pt too wide) in paragraph at lines 384--385
[][] 
 []


Underfull \hbox (badness 10000) in paragraph at lines 384--385

 []

[29 <./Images/png/app_zwaveme.png>]
<./Images/png/description_zwaveme.png, id=234, 1147.8885pt x 584.78474pt>
File: ./Images/png/description_zwaveme.png Graphic file (type png)

<use ./Images/png/description_zwaveme.png>
Package pdftex.def Info: ./Images/png/description_zwaveme.png used on input lin
e 389.
(pdftex.def)             Requested size: 573.94286pt x 292.39165pt.

Overfull \hbox (201.56767pt too wide) in paragraph at lines 389--390
[][] 
 []


Underfull \hbox (badness 10000) in paragraph at lines 389--390

 []

[30 <./Images/png/device_Status.png>]
<./Images/png/log_zwaveme.png, id=240, 1147.8885pt x 585.387pt>
File: ./Images/png/log_zwaveme.png Graphic file (type png)

<use ./Images/png/log_zwaveme.png>
Package pdftex.def Info: ./Images/png/log_zwaveme.png used on input line 394.
(pdftex.def)             Requested size: 573.94286pt x 292.69278pt.

Overfull \hbox (201.56767pt too wide) in paragraph at lines 394--395
[][] 
 []


Underfull \hbox (badness 10000) in paragraph at lines 394--395

 []

[31 <./Images/png/description_zwaveme.png>]
<./Images/png/room_zwaveme.png, id=245, 1154.51324pt x 585.387pt>
File: ./Images/png/room_zwaveme.png Graphic file (type png)

<use ./Images/png/room_zwaveme.png>
Package pdftex.def Info: ./Images/png/room_zwaveme.png used on input line 398.
(pdftex.def)             Requested size: 577.25522pt x 292.69278pt.

Overfull \hbox (204.88004pt too wide) in paragraph at lines 398--399
[][] 
 []


Underfull \hbox (badness 10000) in paragraph at lines 398--399

 []

[32 <./Images/png/log_zwaveme.png>]
<./Images/png/smoke_description_zwaveme.png, id=250, 1142.46825pt x 587.796pt>
File: ./Images/png/smoke_description_zwaveme.png Graphic file (type png)

<use ./Images/png/smoke_description_zwaveme.png>
Package pdftex.def Info: ./Images/png/smoke_description_zwaveme.png used on inp
ut line 402.
(pdftex.def)             Requested size: 571.23273pt x 293.89728pt.

Overfull \hbox (198.85754pt too wide) in paragraph at lines 402--403
[][] 
 []


Underfull \hbox (badness 10000) in paragraph at lines 402--403

 []

[33 <./Images/png/room_zwaveme.png>]
File: ./Images/png/description_zwaveme.png Graphic file (type png)

<use ./Images/png/description_zwaveme.png>
Package pdftex.def Info: ./Images/png/description_zwaveme.png used on input lin
e 404.
(pdftex.def)             Requested size: 573.94286pt x 292.39165pt.

Overfull \hbox (201.56767pt too wide) in paragraph at lines 404--405
[][] 
 []


Underfull \hbox (badness 10000) in paragraph at lines 404--405

 []

[34 <./Images/png/smoke_description_zwaveme.png>]
Package atveryend Info: Empty hook `BeforeClearDocument' on input line 409.
 [35]
Package atveryend Info: Empty hook `AfterLastShipout' on input line 409.
 (./main.aux)
Package atveryend Info: Executing hook `AtVeryEndDocument' on input line 409.
Package atveryend Info: Executing hook `AtEndAfterFileList' on input line 409.
Package rerunfilecheck Info: File `main.out' has not changed.
(rerunfilecheck)             Checksum: D574F73EEE28D04F1E5FAA2FF45B440C;774.
Package atveryend Info: Empty hook `AtVeryVeryEnd' on input line 409.
 ) 
Here is how much of TeX's memory you used:
 7854 strings out of 493485
 115168 string characters out of 3143526
 207367 words of memory out of 3000000
 10933 multiletter control sequences out of 15000+200000
 23632 words of font info for 52 fonts, out of 3000000 for 9000
 959 hyphenation exceptions out of 8191
 31i,5n,37p,1008b,630s stack positions out of 5000i,500n,10000p,200000b,50000s
{/usr/share/texmf/fonts/enc/dvips/cm-super/cm-super-t1.enc}</usr/share/texliv
e/texmf-dist/fonts/type1/public/amsfonts/cm/cmsy10.pfb></usr/share/texmf/fonts/
type1/public/cm-super/sfbx1200.pfb></usr/share/texmf/fonts/type1/public/cm-supe
r/sfbx1440.pfb></usr/share/texmf/fonts/type1/public/cm-super/sfbx1728.pfb></usr
/share/texmf/fonts/type1/public/cm-super/sfbx2488.pfb></usr/share/texmf/fonts/t
ype1/public/cm-super/sfcc1095.pfb></usr/share/texmf/fonts/type1/public/cm-super
/sfcc1728.pfb></usr/share/texmf/fonts/type1/public/cm-super/sfcc2074.pfb></usr/
share/texmf/fonts/type1/public/cm-super/sfrm1200.pfb></usr/share/texmf/fonts/ty
pe1/public/cm-super/sfsi1095.pfb></usr/share/texmf/fonts/type1/public/cm-super/
sfsi1440.pfb></usr/share/texmf/fonts/type1/public/cm-super/sfss1095.pfb></usr/s
hare/texmf/fonts/type1/public/cm-super/sfss1440.pfb></usr/share/texmf/fonts/typ
e1/public/cm-super/sfsx1095.pfb></usr/share/texmf/fonts/type1/public/cm-super/s
fsx2488.pfb></usr/share/texmf/fonts/type1/public/cm-super/sftt1200.pfb>
Output written on main.pdf (36 pages, 3244720 bytes).
PDF statistics:
 332 PDF objects out of 1000 (max. 8388607)
 246 compressed objects within 3 object streams
 53 named destinations out of 1000 (max. 500000)
 219 words of extra memory for PDF output out of 10000 (max. 10000000)

